Build started 6/23/2018 12:31:03 PM.
     1>Project "C:\Users\USER\Desktop\Sudoku\Ini codingannya\Proyek\Proyek\Proyek.vcxproj" on node 2 (build target(s)).
     1>InitializeBuildStatus:
         Creating "Release\Proyek.unsuccessfulbuild" because "AlwaysCreate" was specified.
       ClCompile:
         C:\Program Files (x86)\Microsoft Visual Studio 10.0\VC\bin\CL.exe /c /I"C:\Users\USER\Desktop\Proyek\SFML-2.3.2\include" /Zi /nologo /W3 /WX- /O2 /Oi /Oy- /GL /D WIN32 /D NDEBUG /D _CONSOLE /D _UNICODE /D UNICODE /Gm- /EHsc /MD /GS /Gy /fp:precise /Zc:wchar_t /Zc:forScope /Fo"Release\\" /Fd"Release\vc100.pdb" /Gd /TP /analyze- /errorReport:prompt main.cpp
         main.cpp
     1>c:\users\user\desktop\sudoku\ini codingannya\proyek\proyek\backtracking.h(286): warning C4244: 'argument' : conversion from 'int' to 'float', possible loss of data
     1>c:\users\user\desktop\sudoku\ini codingannya\proyek\proyek\backtracking.h(286): warning C4244: 'argument' : conversion from 'int' to 'float', possible loss of data
     1>c:\users\user\desktop\sudoku\ini codingannya\proyek\proyek\backtracking.h(314): warning C4244: 'argument' : conversion from 'int' to 'float', possible loss of data
     1>c:\users\user\desktop\sudoku\ini codingannya\proyek\proyek\backtracking.h(314): warning C4244: 'argument' : conversion from 'int' to 'float', possible loss of data
     1>c:\users\user\desktop\sudoku\ini codingannya\proyek\proyek\backtracking.h(379): warning C4244: 'argument' : conversion from 'int' to 'float', possible loss of data
     1>c:\users\user\desktop\sudoku\ini codingannya\proyek\proyek\backtracking.h(379): warning C4244: 'argument' : conversion from 'int' to 'float', possible loss of data
     1>main.cpp(78): warning C4244: 'argument' : conversion from 'int' to 'float', possible loss of data
     1>main.cpp(78): warning C4244: 'argument' : conversion from 'int' to 'float', possible loss of data
     1>main.cpp(110): warning C4244: 'argument' : conversion from 'int' to 'float', possible loss of data
     1>main.cpp(110): warning C4244: 'argument' : conversion from 'int' to 'float', possible loss of data
     1>main.cpp(123): warning C4244: 'argument' : conversion from 'int' to 'float', possible loss of data
     1>main.cpp(123): warning C4244: 'argument' : conversion from 'int' to 'float', possible loss of data
     1>main.cpp(126): warning C4244: 'argument' : conversion from 'double' to 'float', possible loss of data
     1>main.cpp(126): warning C4244: 'argument' : conversion from 'double' to 'float', possible loss of data
     1>main.cpp(136): warning C4244: 'argument' : conversion from 'int' to 'float', possible loss of data
     1>main.cpp(136): warning C4244: 'argument' : conversion from 'int' to 'float', possible loss of data
     1>main.cpp(147): warning C4244: 'argument' : conversion from 'int' to 'float', possible loss of data
     1>main.cpp(147): warning C4244: 'argument' : conversion from 'int' to 'float', possible loss of data
     1>main.cpp(150): warning C4244: 'argument' : conversion from 'int' to 'float', possible loss of data
     1>main.cpp(150): warning C4244: 'argument' : conversion from 'int' to 'float', possible loss of data
     1>main.cpp(153): warning C4244: 'argument' : conversion from 'int' to 'float', possible loss of data
     1>main.cpp(153): warning C4244: 'argument' : conversion from 'int' to 'float', possible loss of data
     1>main.cpp(163): warning C4244: 'argument' : conversion from 'int' to 'float', possible loss of data
     1>main.cpp(163): warning C4244: 'argument' : conversion from 'int' to 'float', possible loss of data
     1>main.cpp(181): warning C4244: 'argument' : conversion from 'int' to 'float', possible loss of data
     1>main.cpp(181): warning C4244: 'argument' : conversion from 'int' to 'float', possible loss of data
     1>main.cpp(359): warning C4244: 'argument' : conversion from 'int' to 'float', possible loss of data
     1>main.cpp(359): warning C4244: 'argument' : conversion from 'int' to 'float', possible loss of data
     1>main.cpp(362): warning C4244: 'argument' : conversion from 'int' to 'float', possible loss of data
     1>main.cpp(362): warning C4244: 'argument' : conversion from 'int' to 'float', possible loss of data
     1>main.cpp(365): warning C4244: 'argument' : conversion from 'int' to 'float', possible loss of data
     1>main.cpp(365): warning C4244: 'argument' : conversion from 'int' to 'float', possible loss of data
     1>main.cpp(367): warning C4244: 'argument' : conversion from 'int' to 'float', possible loss of data
     1>main.cpp(367): warning C4244: 'argument' : conversion from 'int' to 'float', possible loss of data
       Link:
         C:\Program Files (x86)\Microsoft Visual Studio 10.0\VC\bin\link.exe /ERRORREPORT:PROMPT /OUT:"C:\Users\USER\Desktop\Sudoku\Ini codingannya\Proyek\Release\Proyek.exe" /INCREMENTAL:NO /NOLOGO /LIBPATH:"C:\Users\USER\Desktop\Proyek\SFML-2.3.2\lib" "sfml-window.lib" "sfml-system.lib" "sfml-graphics.lib" "sfml-network.lib" kernel32.lib user32.lib gdi32.lib winspool.lib comdlg32.lib advapi32.lib shell32.lib ole32.lib oleaut32.lib uuid.lib odbc32.lib odbccp32.lib /MANIFEST /ManifestFile:"Release\Proyek.exe.intermediate.manifest" /MANIFESTUAC:"level='asInvoker' uiAccess='false'" /DEBUG /PDB:"C:\Users\USER\Desktop\Sudoku\Ini codingannya\Proyek\Release\Proyek.pdb" /SUBSYSTEM:CONSOLE /OPT:REF /OPT:ICF /LTCG /TLBID:1 /DYNAMICBASE /NXCOMPAT /IMPLIB:"C:\Users\USER\Desktop\Sudoku\Ini codingannya\Proyek\Release\Proyek.lib" /MACHINE:X86 Release\main.obj
         Generating code
         Finished generating code
         Proyek.vcxproj -> C:\Users\USER\Desktop\Sudoku\Ini codingannya\Proyek\Release\Proyek.exe
       Manifest:
         C:\Program Files (x86)\Microsoft SDKs\Windows\v7.0A\bin\mt.exe /nologo /verbose /outputresource:"C:\Users\USER\Desktop\Sudoku\Ini codingannya\Proyek\Release\Proyek.exe;#1" /manifest Release\Proyek.exe.intermediate.manifest
       FinalizeBuildStatus:
         Deleting file "Release\Proyek.unsuccessfulbuild".
         Touching "Release\Proyek.lastbuildstate".
     1>Done Building Project "C:\Users\USER\Desktop\Sudoku\Ini codingannya\Proyek\Proyek\Proyek.vcxproj" (build target(s)).

Build succeeded.

Time Elapsed 00:00:03.69
