Build started 6/22/2018 12:12:02 PM.
     1>Project "C:\Users\USER\Desktop\Proyek\Proyek\Proyek.vcxproj" on node 2 (build target(s)).
     1>InitializeBuildStatus:
         Creating "Debug\Proyek.unsuccessfulbuild" because "AlwaysCreate" was specified.
       ClCompile:
         C:\Program Files (x86)\Microsoft Visual Studio 10.0\VC\bin\CL.exe /c /I"D:\SFML-2.3.2\include" /ZI /nologo /W3 /WX- /Od /Oy- /D WIN32 /D _DEBUG /D _CONSOLE /D _UNICODE /D UNICODE /Gm /EHsc /RTC1 /MDd /GS /fp:precise /Zc:wchar_t /Zc:forScope /Fo"Debug\\" /Fd"Debug\vc100.pdb" /Gd /TP /analyze- /errorReport:prompt main.cpp
         main.cpp
     1>c:\users\user\desktop\proyek\proyek\backtracking.h(281): warning C4244: 'argument' : conversion from 'int' to 'float', possible loss of data
     1>c:\users\user\desktop\proyek\proyek\backtracking.h(281): warning C4244: 'argument' : conversion from 'int' to 'float', possible loss of data
     1>c:\users\user\desktop\proyek\proyek\backtracking.h(324): warning C4244: 'argument' : conversion from 'int' to 'float', possible loss of data
     1>c:\users\user\desktop\proyek\proyek\backtracking.h(324): warning C4244: 'argument' : conversion from 'int' to 'float', possible loss of data
     1>c:\users\user\desktop\proyek\proyek\backtracking.h(363): warning C4244: 'argument' : conversion from 'int' to 'float', possible loss of data
     1>c:\users\user\desktop\proyek\proyek\backtracking.h(363): warning C4244: 'argument' : conversion from 'int' to 'float', possible loss of data
     1>c:\users\user\desktop\proyek\proyek\main.cpp(79): warning C4244: 'argument' : conversion from 'int' to 'float', possible loss of data
     1>c:\users\user\desktop\proyek\proyek\main.cpp(79): warning C4244: 'argument' : conversion from 'int' to 'float', possible loss of data
     1>c:\users\user\desktop\proyek\proyek\main.cpp(111): warning C4244: 'argument' : conversion from 'int' to 'float', possible loss of data
     1>c:\users\user\desktop\proyek\proyek\main.cpp(111): warning C4244: 'argument' : conversion from 'int' to 'float', possible loss of data
     1>c:\users\user\desktop\proyek\proyek\main.cpp(124): warning C4244: 'argument' : conversion from 'int' to 'float', possible loss of data
     1>c:\users\user\desktop\proyek\proyek\main.cpp(124): warning C4244: 'argument' : conversion from 'int' to 'float', possible loss of data
     1>c:\users\user\desktop\proyek\proyek\main.cpp(127): warning C4244: 'argument' : conversion from 'double' to 'float', possible loss of data
     1>c:\users\user\desktop\proyek\proyek\main.cpp(127): warning C4244: 'argument' : conversion from 'double' to 'float', possible loss of data
     1>c:\users\user\desktop\proyek\proyek\main.cpp(137): warning C4244: 'argument' : conversion from 'int' to 'float', possible loss of data
     1>c:\users\user\desktop\proyek\proyek\main.cpp(137): warning C4244: 'argument' : conversion from 'int' to 'float', possible loss of data
     1>c:\users\user\desktop\proyek\proyek\main.cpp(148): warning C4244: 'argument' : conversion from 'int' to 'float', possible loss of data
     1>c:\users\user\desktop\proyek\proyek\main.cpp(148): warning C4244: 'argument' : conversion from 'int' to 'float', possible loss of data
     1>c:\users\user\desktop\proyek\proyek\main.cpp(151): warning C4244: 'argument' : conversion from 'int' to 'float', possible loss of data
     1>c:\users\user\desktop\proyek\proyek\main.cpp(151): warning C4244: 'argument' : conversion from 'int' to 'float', possible loss of data
     1>c:\users\user\desktop\proyek\proyek\main.cpp(154): warning C4244: 'argument' : conversion from 'int' to 'float', possible loss of data
     1>c:\users\user\desktop\proyek\proyek\main.cpp(154): warning C4244: 'argument' : conversion from 'int' to 'float', possible loss of data
     1>c:\users\user\desktop\proyek\proyek\main.cpp(164): warning C4244: 'argument' : conversion from 'int' to 'float', possible loss of data
     1>c:\users\user\desktop\proyek\proyek\main.cpp(164): warning C4244: 'argument' : conversion from 'int' to 'float', possible loss of data
     1>c:\users\user\desktop\proyek\proyek\main.cpp(182): warning C4244: 'argument' : conversion from 'int' to 'float', possible loss of data
     1>c:\users\user\desktop\proyek\proyek\main.cpp(182): warning C4244: 'argument' : conversion from 'int' to 'float', possible loss of data
     1>c:\users\user\desktop\proyek\proyek\main.cpp(360): warning C4244: 'argument' : conversion from 'int' to 'float', possible loss of data
     1>c:\users\user\desktop\proyek\proyek\main.cpp(360): warning C4244: 'argument' : conversion from 'int' to 'float', possible loss of data
     1>c:\users\user\desktop\proyek\proyek\main.cpp(363): warning C4244: 'argument' : conversion from 'int' to 'float', possible loss of data
     1>c:\users\user\desktop\proyek\proyek\main.cpp(363): warning C4244: 'argument' : conversion from 'int' to 'float', possible loss of data
     1>c:\users\user\desktop\proyek\proyek\main.cpp(365): warning C4244: 'argument' : conversion from 'int' to 'float', possible loss of data
     1>c:\users\user\desktop\proyek\proyek\main.cpp(365): warning C4244: 'argument' : conversion from 'int' to 'float', possible loss of data
     1>c:\users\user\desktop\proyek\proyek\main.cpp(367): warning C4244: 'argument' : conversion from 'int' to 'float', possible loss of data
     1>c:\users\user\desktop\proyek\proyek\main.cpp(367): warning C4244: 'argument' : conversion from 'int' to 'float', possible loss of data
       Link:
         C:\Program Files (x86)\Microsoft Visual Studio 10.0\VC\bin\link.exe /ERRORREPORT:PROMPT /OUT:"C:\Users\USER\Desktop\Proyek\Debug\Proyek.exe" /INCREMENTAL:NO /NOLOGO /LIBPATH:"D:\SFML-2.3.2\lib" "sfml-window-d.lib" "sfml-system-d.lib" "sfml-graphics-d.lib" "sfml-network-d.lib" "sfml-audio-d.lib" kernel32.lib user32.lib gdi32.lib winspool.lib comdlg32.lib advapi32.lib shell32.lib ole32.lib oleaut32.lib uuid.lib odbc32.lib odbccp32.lib /MANIFEST /ManifestFile:"Debug\Proyek.exe.intermediate.manifest" /MANIFESTUAC:"level='asInvoker' uiAccess='false'" /DEBUG /PDB:"C:\Users\USER\Desktop\Proyek\Debug\Proyek.pdb" /SUBSYSTEM:CONSOLE /TLBID:1 /DYNAMICBASE /NXCOMPAT /IMPLIB:"C:\Users\USER\Desktop\Proyek\Debug\Proyek.lib" /MACHINE:X86 Debug\main.obj
     1>main.obj : warning LNK4075: ignoring '/EDITANDCONTINUE' due to '/INCREMENTAL:NO' specification
         Proyek.vcxproj -> C:\Users\USER\Desktop\Proyek\Debug\Proyek.exe
       Manifest:
         C:\Program Files (x86)\Microsoft SDKs\Windows\v7.0A\bin\mt.exe /nologo /verbose /outputresource:"C:\Users\USER\Desktop\Proyek\Debug\Proyek.exe;#1" /manifest Debug\Proyek.exe.intermediate.manifest
       FinalizeBuildStatus:
         Deleting file "Debug\Proyek.unsuccessfulbuild".
         Touching "Debug\Proyek.lastbuildstate".
     1>Done Building Project "C:\Users\USER\Desktop\Proyek\Proyek\Proyek.vcxproj" (build target(s)).

Build succeeded.

Time Elapsed 00:00:02.62
